<?xml version="1.0" encoding="UTF-8"?>
<!-- Generated by org.testng.reporters.JUnitXMLReporter -->
<testsuite ignored="0" hostname="LAPTOP-BODR9R79" failures="1" tests="1" name="RegressionTest" time="0.11" errors="0" timestamp="2022-12-06T15:30:02 IST">
  <testcase classname="TestSuite.RegressionSuite" name="regresionTest" time="0.0">
    <failure type="java.util.NoSuchElementException">
      <![CDATA[java.util.NoSuchElementException
at java.base/java.util.Scanner.throwFor(Scanner.java:937)
at java.base/java.util.Scanner.next(Scanner.java:1478)
at Base.BaseUI.invokeBrowser(BaseUI.java:48)
at TestSuite.RegressionSuite.regresionTest(RegressionSuite.java:27)
at java.base/java.util.ArrayList.forEach(ArrayList.java:1511)
... Removed 27 stack frames]]>
    </failure>
  </testcase> <!-- regresionTest -->
</testsuite> <!-- RegressionTest -->
