<?xml version="1.0" encoding="UTF-8"?>
<testng-results ignored="0" total="2" passed="1" failed="1" skipped="0">
  <reporter-output>
  </reporter-output>
  <suite started-at="2022-12-06T17:12:49 IST" name="CarWash" finished-at="2022-12-06T17:13:35 IST" duration-ms="46067">
    <groups>
      <group name="Regression">
        <method signature="TestSuite.regresionTest(java.util.Hashtable)[pri:0, instance:TestSuite.TestSuite@23348b5d]" name="regresionTest" class="TestSuite.TestSuite"/>
      </group> <!-- Regression -->
      <group name="Smoke">
        <method signature="TestSuite.smokeTest(java.util.Hashtable)[pri:0, instance:TestSuite.TestSuite@23348b5d]" name="smokeTest" class="TestSuite.TestSuite"/>
      </group> <!-- Smoke -->
    </groups>
    <test started-at="2022-12-06T17:12:49 IST" name="Test" finished-at="2022-12-06T17:13:35 IST" duration-ms="46067">
      <class name="TestSuite.TestSuite">
        <test-method signature="smokeTest(java.util.Hashtable)[pri:0, instance:TestSuite.TestSuite@23348b5d]" started-at="2022-12-06T17:12:49 IST" name="smokeTest" data-provider="getTestData" finished-at="2022-12-06T17:13:17 IST" duration-ms="28326" status="PASS">
          <params>
            <param index="0">
              <value>
                <![CDATA[{First Name=John, Name Title=Mr, Company Name=Creations, Mobile Number=9874563210, Landline Number=2541, Last Name=Carter}]]>
              </value>
            </param>
          </params>
          <reporter-output>
          </reporter-output>
        </test-method> <!-- smokeTest -->
        <test-method signature="regresionTest(java.util.Hashtable)[pri:0, instance:TestSuite.TestSuite@23348b5d]" started-at="2022-12-06T17:13:17 IST" name="regresionTest" data-provider="getTestData" finished-at="2022-12-06T17:13:34 IST" depends-on-methods="TestSuite.TestSuite.smokeTest" duration-ms="16840" status="FAIL">
          <params>
            <param index="0">
              <value>
                <![CDATA[{First Name=John, Name Title=Mr, Company Name=Creations, Mobile Number=9874563210, Landline Number=2541, Last Name=Carter}]]>
              </value>
            </param>
          </params>
          <exception class="java.lang.IndexOutOfBoundsException">
            <message>
              <![CDATA[Index 15 out of bounds for length 15]]>
            </message>
            <full-stacktrace>
              <![CDATA[java.lang.IndexOutOfBoundsException: Index 15 out of bounds for length 15
at java.base/jdk.internal.util.Preconditions.outOfBounds(Preconditions.java:64)
at java.base/jdk.internal.util.Preconditions.outOfBoundsCheckIndex(Preconditions.java:70)
at java.base/jdk.internal.util.Preconditions.checkIndex(Preconditions.java:248)
at java.base/java.util.Objects.checkIndex(Objects.java:359)
at java.base/java.util.ArrayList.get(ArrayList.java:427)
at java.base/jdk.internal.reflect.GeneratedMethodAccessor1.invoke(Unknown Source)
at java.base/jdk.internal.reflect.DelegatingMethodAccessorImpl.invoke(DelegatingMethodAccessorImpl.java:43)
at java.base/java.lang.reflect.Method.invoke(Method.java:564)
at org.openqa.selenium.support.pagefactory.internal.LocatingElementListHandler.invoke(LocatingElementListHandler.java:39)
at com.sun.proxy.$Proxy13.get(Unknown Source)
at Pages.CarWashPage.displayDetails(CarWashPage.java:195)
at TestSuite.TestSuite.regresionTest(TestSuite.java:70)
at java.base/jdk.internal.reflect.NativeMethodAccessorImpl.invoke0(Native Method)
at java.base/jdk.internal.reflect.NativeMethodAccessorImpl.invoke(NativeMethodAccessorImpl.java:64)
at java.base/jdk.internal.reflect.DelegatingMethodAccessorImpl.invoke(DelegatingMethodAccessorImpl.java:43)
at java.base/java.lang.reflect.Method.invoke(Method.java:564)
at org.testng.internal.MethodInvocationHelper.invokeMethod(MethodInvocationHelper.java:133)
at org.testng.internal.TestInvoker.invokeMethod(TestInvoker.java:584)
at org.testng.internal.TestInvoker.invokeTestMethod(TestInvoker.java:172)
at org.testng.internal.MethodRunner.runInSequence(MethodRunner.java:46)
at org.testng.internal.TestInvoker$MethodInvocationAgent.invoke(TestInvoker.java:804)
at org.testng.internal.TestInvoker.invokeTestMethods(TestInvoker.java:145)
at org.testng.internal.TestMethodWorker.invokeTestMethods(TestMethodWorker.java:146)
at org.testng.internal.TestMethodWorker.run(TestMethodWorker.java:128)
at java.base/java.util.ArrayList.forEach(ArrayList.java:1511)
at org.testng.TestRunner.privateRun(TestRunner.java:770)
at org.testng.TestRunner.run(TestRunner.java:591)
at org.testng.SuiteRunner.runTest(SuiteRunner.java:402)
at org.testng.SuiteRunner.runSequentially(SuiteRunner.java:396)
at org.testng.SuiteRunner.privateRun(SuiteRunner.java:355)
at org.testng.SuiteRunner.run(SuiteRunner.java:304)
at org.testng.SuiteRunnerWorker.runSuite(SuiteRunnerWorker.java:53)
at org.testng.SuiteRunnerWorker.run(SuiteRunnerWorker.java:96)
at org.testng.TestNG.runSuitesSequentially(TestNG.java:1180)
at org.testng.TestNG.runSuitesLocally(TestNG.java:1102)
at org.testng.TestNG.runSuites(TestNG.java:1032)
at org.testng.TestNG.run(TestNG.java:1000)
at org.testng.remote.AbstractRemoteTestNG.run(AbstractRemoteTestNG.java:115)
at org.testng.remote.RemoteTestNG.initAndRun(RemoteTestNG.java:251)
at org.testng.remote.RemoteTestNG.main(RemoteTestNG.java:77)
]]>
            </full-stacktrace>
          </exception> <!-- java.lang.IndexOutOfBoundsException -->
          <reporter-output>
          </reporter-output>
        </test-method> <!-- regresionTest -->
        <test-method is-config="true" signature="flushReports()[pri:0, instance:TestSuite.TestSuite@23348b5d]" started-at="2022-12-06T17:13:34 IST" name="flushReports" finished-at="2022-12-06T17:13:35 IST" duration-ms="344" status="PASS">
          <reporter-output>
          </reporter-output>
        </test-method> <!-- flushReports -->
      </class> <!-- TestSuite.TestSuite -->
    </test> <!-- Test -->
  </suite> <!-- CarWash -->
</testng-results>
